GROUP,PACKAGE,CLASS,INSTRUCTION_MISSED,INSTRUCTION_COVERED,BRANCH_MISSED,BRANCH_COVERED,LINE_MISSED,LINE_COVERED,COMPLEXITY_MISSED,COMPLEXITY_COVERED,METHOD_MISSED,METHOD_COVERED
demo,com.example.demo.usuario,UsuarioService,23,0,0,0,7,0,2,0,2,0
demo,com.example.demo.usuario,Usuario,0,24,0,0,0,10,0,7,0,7
demo,com.example.demo,ProdutoApplication,8,0,0,0,3,0,2,0,2,0
demo,com.example.demo.teste,TesteController,6,13,0,0,2,3,1,3,1,3
demo,com.example.demo.teste,Teste,0,52,0,0,0,22,0,15,0,15
demo,com.example.demo.teste,TesteService,0,66,0,4,0,17,0,8,0,6
